✓ Initialized. View run at 
https://modal.com/apps/kjms2026/main/ap-1401dsYTQ92F0Fl1fXsaam
✓ Created objects.
├── 🔨 Created mount 
│   /home/jsg1504/workdir/autoresearch/mlsys26/scripts/run_modal.py
└── 🔨 Created function run_benchmark.
Packing solution from source files...
Solution packed: /home/jsg1504/workdir/autoresearch/mlsys26/solution.json
  Name: my-team-solution-v1
  Definition: gdn_decode_qk4_v8_d128_k_last
  Author: MSInfer
  Language: triton

Loading solution...
Loaded: my-team-solution-v1 (gdn_decode_qk4_v8_d128_k_last)

Running benchmark on Modal B200...

gdn_decode_qk4_v8_d128_k_last:
  Workload 6700a748...: PASSED | 0.051 ms | 24.37x speedup | abs_err=3.43e-05, rel_err=3.27e-02
  Workload d66ae544...: PASSED | 0.046 ms | 26.77x speedup | abs_err=1.91e-05, rel_err=2.06e-02
  Workload bf115ff9...: PASSED | 0.046 ms | 26.46x speedup | abs_err=2.67e-05, rel_err=2.24e-01
  Workload 30bb1856...: PASSED | 0.046 ms | 26.41x speedup | abs_err=1.91e-05, rel_err=5.27e-02
  Workload 48a5be68...: PASSED | 0.046 ms | 26.45x speedup | abs_err=1.53e-05, rel_err=3.07e-01
  Workload 6f09252c...: PASSED | 0.046 ms | 26.41x speedup | abs_err=1.95e-03, rel_err=4.64e-02
  Workload 1e4e5a87...: PASSED | 0.046 ms | 26.40x speedup | abs_err=1.95e-03, rel_err=4.42e-02
  Workload 8e3e1aa6...: PASSED | 0.045 ms | 26.67x speedup | abs_err=5.34e-05, rel_err=2.81e-02
  Workload 741eb2c4...: PASSED | 0.046 ms | 26.24x speedup | abs_err=4.88e-04, rel_err=3.98e-02
  Workload 562d6431...: PASSED | 0.046 ms | 26.35x speedup | abs_err=1.91e-05, rel_err=1.09e-02
  Workload cf76ded3...: PASSED | 0.046 ms | 26.35x speedup | abs_err=3.05e-05, rel_err=7.24e-02
  Workload 55b3b0a4...: PASSED | 0.046 ms | 26.57x speedup | abs_err=1.91e-05, rel_err=4.11e-02
  Workload 8add0e58...: PASSED | 0.046 ms | 26.78x speedup | abs_err=3.81e-05, rel_err=2.88e-01
  Workload 5727c2b1...: PASSED | 0.046 ms | 26.50x speedup | abs_err=2.44e-04, rel_err=1.39e-01
  Workload cc8d77b2...: PASSED | 0.046 ms | 26.99x speedup | abs_err=7.63e-05, rel_err=3.23e-01
  Workload 3bd97bb8...: PASSED | 0.047 ms | 26.35x speedup | abs_err=2.29e-05, rel_err=2.71e-02
  Workload f1b6043f...: PASSED | 0.046 ms | 26.67x speedup | abs_err=3.05e-05, rel_err=2.12e-01
  Workload 8038c14e...: PASSED | 0.046 ms | 26.50x speedup | abs_err=7.81e-03, rel_err=7.75e-02
  Workload 03436065...: PASSED | 0.046 ms | 26.39x speedup | abs_err=4.88e-04, rel_err=1.58e-01
  Workload c40fb468...: PASSED | 0.045 ms | 26.78x speedup | abs_err=3.05e-05, rel_err=4.84e-02
Stopping app - local entrypoint completed.
✓ App completed. View run at 
https://modal.com/apps/kjms2026/main/ap-1401dsYTQ92F0Fl1fXsaam
